#
# A fatal error has been detected by the Java Runtime Environment:
#
#  EXCEPTION_ACCESS_VIOLATION (0xc0000005) at pc=0x000007fef947a4fb, pid=7172, tid=7104
#
# JRE version: Java(TM) SE Runtime Environment (11.0.6+8) (build 11.0.6+8-LTS)
# Java VM: Java HotSpot(TM) 64-Bit Server VM (11.0.6+8-LTS, mixed mode, tiered, compressed oops, g1 gc, windows-amd64)
# Problematic frame:
# V  [jvm.dll+0x6ba4fb]
#
# No core dump will be written. Minidumps are not enabled by default on client versions of Windows
#
# If you would like to submit a bug report, please visit:
#   http://bugreport.java.com/bugreport/crash.jsp
#

---------------  S U M M A R Y ------------

Command Line: -agentlib:jdwp=transport=dt_socket,suspend=y,address=localhost:50011 -ea -javaagent:C:\Users\s058601\eclipse\jee-2019-12\eclipse\configuration\org.eclipse.osgi\411\0\.cp\lib\javaagent-shaded.jar -Dfile.encoding=UTF-8 org.eclipse.jdt.internal.junit.runner.RemoteTestRunner -version 3 -port 50010 -testLoaderClass org.eclipse.jdt.internal.junit5.runner.JUnit5TestLoader -loaderpluginname org.eclipse.jdt.junit5.runtime -classNames com.parkit.parkingsystem.TicketDAOTest

Host: Intel(R) Core(TM) i7-8650U CPU @ 1.90GHz, 4 cores, 7G,  Windows 7 , 64 bit Build 7601 (6.1.7601.24308)
Time: Fri Mar 13 13:11:47 2020 Paris, Madrid elapsed time: 331 seconds (0d 0h 5m 31s)

---------------  T H R E A D  ---------------

Current thread (0x0000000061e68000):  VMThread "VM Thread" [stack: 0x0000000062080000,0x0000000062180000] [id=7104]

Stack: [0x0000000062080000,0x0000000062180000],  sp=0x000000006217e9c0,  free space=1018k
Native frames: (J=compiled Java code, j=interpreted, Vv=VM code, C=native code)
V  [jvm.dll+0x6ba4fb]
V  [jvm.dll+0x3428f3]
V  [jvm.dll+0x34487f]
V  [jvm.dll+0x3450de]
V  [jvm.dll+0x34255c]
V  [jvm.dll+0x341822]
V  [jvm.dll+0x6259e5]
V  [jvm.dll+0x62576d]
V  [jvm.dll+0x5eb1fa]
V  [jvm.dll+0x502437]
V  [jvm.dll+0x77d60c]
V  [jvm.dll+0x77bad7]
V  [jvm.dll+0x77c300]
V  [jvm.dll+0x77c607]
V  [jvm.dll+0x733905]
V  [jvm.dll+0x635846]
C  [ucrtbase.DLL+0x1d885]
C  [kernel32.dll+0x159cd]
C  [ntdll.dll+0x5385d]


siginfo: EXCEPTION_ACCESS_VIOLATION (0xc0000005), reading address 0x0000000000000006


Register to memory mapping:

RIP=0x000007fef947a4fb jvm.dll
RAX=0x000000006217ea50 points into unknown readable memory: 50 00 00 46 00 00 00 00
RBX=0x000000006217ea20 points into unknown readable memory: 98 65 64 f9 fe 07 00 00
RCX=0x0 is NULL
RDX=0x0 is NULL
RSP=0x000000006217e9c0 points into unknown readable memory: 20 ea 17 62 00 00 00 00
RBP=0x000000006217ef30 points into unknown readable memory: 58 cc b4 1e 00 00 00 00
RSI=0x0 is NULL
RDI=0x0 is NULL
R8 =0x0 is NULL
R9 =0x000000006444c080 is pointing into metadata
R10=0x000007fef8dc0000 jvm.dll
R11=0x000000006217ee80 points into unknown readable memory: 00 ef 17 62 00 00 00 00
R12=0x000000001eb4c930 points into unknown readable memory: 00 00 00 00 00 00 00 00
R13=0x0 is NULL
R14=0x000000006444c7f6 is pointing into metadata
R15=0x0000000000000060 is an unknown value


Registers:
RAX=0x000000006217ea50, RBX=0x000000006217ea20, RCX=0x0000000000000000, RDX=0x0000000000000000
RSP=0x000000006217e9c0, RBP=0x000000006217ef30, RSI=0x0000000000000000, RDI=0x0000000000000000
R8 =0x0000000000000000, R9 =0x000000006444c080, R10=0x000007fef8dc0000, R11=0x000000006217ee80
R12=0x000000001eb4c930, R13=0x0000000000000000, R14=0x000000006444c7f6, R15=0x0000000000000060
RIP=0x000007fef947a4fb, EFLAGS=0x0000000000010246

Top of Stack: (sp=0x000000006217e9c0)
0x000000006217e9c0:   000000006217ea20 0000000000000002
0x000000006217e9d0:   0000000000000268 000007fef947aa7b
0x000000006217e9e0:   0000000000000001 000007fef91028f3
0x000000006217e9f0:   0000000000000000 000000006217f0a0
0x000000006217ea00:   0000000000000079 0000000065be3fbc
0x000000006217ea10:   00000000000003d8 ffffffffffffffff
0x000000006217ea20:   000007fef9646598 0000000000000000
0x000000006217ea30:   0000000000000000 000007fe0000000c
0x000000006217ea40:   000000006217ea50 0000000000000000
0x000000006217ea50:   0000000046000050 0000000000000000
0x000000006217ea60:   4fffffff4fffffff 2fffffff4fffffff
0x000000006217ea70:   000007fef9646598 0000000061db3e70
0x000000006217ea80:   0000000000000012 000000000000000e
0x000000006217ea90:   000000006217eab0 000007fe00000002
0x000000006217eaa0:   0000000000000000 000007fef947aa7b
0x000000006217eab0:   4fffffff4fffffff 4fffffff4fffffff 

Instructions: (pc=0x000007fef947a4fb)
0x000007fef947a4db:   cc cc cc cc cc 40 53 48 83 ec 20 c7 41 10 00 00
0x000007fef947a4eb:   00 00 48 8b d9 48 89 7c 24 38 48 8b 79 08 33 c9
0x000007fef947a4fb:   80 7f 06 28 74 26 44 8d 49 28 8d 51 35 48 8d 0d
0x000007fef947a50b:   11 a6 21 00 4c 8d 05 fa a5 21 00 e8 f5 3f ba ff 


Stack slot to memory mapping:
stack at sp + 0 slots: 0x000000006217ea20 points into unknown readable memory: 98 65 64 f9 fe 07 00 00
stack at sp + 1 slots: 0x0000000000000002 is an unknown value
stack at sp + 2 slots: 0x0000000000000268 is an unknown value
stack at sp + 3 slots: 0x000007fef947aa7b jvm.dll
stack at sp + 4 slots: 0x0000000000000001 is an unknown value
stack at sp + 5 slots: 0x000007fef91028f3 jvm.dll
stack at sp + 6 slots: 0x0 is NULL
stack at sp + 7 slots: 0x000000006217f0a0 points into unknown readable memory: 18 41 68 f9 fe 07 00 00

VM_Operation (0x000000006345f640): GetOrSetLocal, mode: safepoint, requested by thread 0x0000000062e19800


---------------  P R O C E S S  ---------------

Threads class SMR info:
_java_thread_list=0x00000000688f39d0, length=14, elements={
0x000000000013d800, 0x0000000061e6b800, 0x0000000061ebd800, 0x0000000061ec7800,
0x0000000061ec9000, 0x0000000061ecd000, 0x0000000061ed4800, 0x0000000061ee7000,
0x0000000061e43800, 0x0000000062e19800, 0x0000000062e1b000, 0x0000000062e1d000,
0x0000000063bf1000, 0x0000000064933000
}

Java Threads: ( => current thread )
  0x000000000013d800 JavaThread "main" [_thread_blocked, id=1160, stack(0x0000000002040000,0x0000000002140000)]
  0x0000000061e6b800 JavaThread "Reference Handler" daemon [_thread_blocked, id=9160, stack(0x0000000061f40000,0x0000000062040000)]
  0x0000000061ebd800 JavaThread "Finalizer" daemon [_thread_blocked, id=5476, stack(0x00000000621d0000,0x00000000622d0000)]
  0x0000000061ec7800 JavaThread "Signal Dispatcher" daemon [_thread_blocked, id=5892, stack(0x0000000062300000,0x0000000062400000)]
  0x0000000061ec9000 JavaThread "Attach Listener" daemon [_thread_blocked, id=8160, stack(0x0000000062590000,0x0000000062690000)]
  0x0000000061ecd000 JavaThread "C2 CompilerThread0" daemon [_thread_blocked, id=8576, stack(0x0000000062460000,0x0000000062560000)]
  0x0000000061ed4800 JavaThread "C1 CompilerThread0" daemon [_thread_blocked, id=312, stack(0x0000000062860000,0x0000000062960000)]
  0x0000000061ee7000 JavaThread "Sweeper thread" daemon [_thread_blocked, id=6948, stack(0x0000000062a50000,0x0000000062b50000)]
  0x0000000061e43800 JavaThread "Common-Cleaner" daemon [_thread_blocked, id=1532, stack(0x0000000062730000,0x0000000062830000)]
  0x0000000062e19800 JavaThread "JDWP Transport Listener: dt_socket" daemon [_thread_blocked, id=8932, stack(0x0000000063360000,0x0000000063460000)] _threads_hazard_ptr=0x00000000688f39d0
  0x0000000062e1b000 JavaThread "JDWP Event Helper Thread" daemon [_thread_blocked, id=6564, stack(0x0000000063500000,0x0000000063600000)]
  0x0000000062e1d000 JavaThread "JDWP Command Reader" daemon [_thread_in_native, id=8324, stack(0x00000000637a0000,0x00000000638a0000)]
  0x0000000063bf1000 JavaThread "Service Thread" daemon [_thread_blocked, id=7204, stack(0x00000000630d0000,0x00000000631d0000)]
  0x0000000064933000 JavaThread "ReaderThread" [_thread_in_native, id=3584, stack(0x0000000065890000,0x0000000065990000)]

Other Threads:
=>0x0000000061e68000 VMThread "VM Thread" [stack: 0x0000000062080000,0x0000000062180000] [id=7104]
  0x0000000063e43000 WatcherThread [stack: 0x0000000064200000,0x0000000064300000] [id=6060]
  0x000000000014d800 GCTaskThread "GC Thread#0" [stack: 0x0000000019b00000,0x0000000019c00000] [id=8928]
  0x0000000063e3e000 GCTaskThread "GC Thread#1" [stack: 0x0000000065510000,0x0000000065610000] [id=8672]
  0x0000000063f6d800 GCTaskThread "GC Thread#2" [stack: 0x0000000065730000,0x0000000065830000] [id=8804]
  0x0000000066545800 GCTaskThread "GC Thread#3" [stack: 0x0000000062f50000,0x0000000063050000] [id=8796]
  0x000000000017f000 ConcurrentGCThread "G1 Main Marker" [stack: 0x000000001ecb0000,0x000000001edb0000] [id=7336]
  0x000000001ea70800 ConcurrentGCThread "G1 Conc#0" [stack: 0x000000001eee0000,0x000000001efe0000] [id=1044]
  0x000000001eafe000 ConcurrentGCThread "G1 Refine#0" [stack: 0x00000000212e0000,0x00000000213e0000] [id=1136]
  0x000000001eaff000 ConcurrentGCThread "G1 Young RemSet Sampling" [stack: 0x0000000021440000,0x0000000021540000] [id=8584]

Threads with active compile tasks:

VM state:at safepoint (normal execution)

VM Mutex/Monitor currently owned by a thread:  ([mutex/lock_event])
[0x00000000000ecaa0] Threads_lock - owner thread: 0x0000000061e68000

Heap address: 0x0000000081800000, size: 2024 MB, Compressed Oops mode: 32-bit
Narrow klass base: 0x0000000000000000, Narrow klass shift: 0
Compressed class space size: 1073741824 Address: 0x0000000021540000

Heap:
 garbage-first heap   total 157696K, used 59012K [0x0000000081800000, 0x0000000100000000)
  region size 1024K, 53 young (54272K), 3 survivors (3072K)
 Metaspace       used 27445K, capacity 28308K, committed 28544K, reserved 1075200K
  class space    used 3378K, capacity 3695K, committed 3712K, reserved 1048576K
Heap Regions: E=young(eden), S=young(survivor), O=old, HS=humongous(starts), HC=humongous(continues), CS=collection set, F=free, A=archive, TAMS=top-at-mark-start (previous, next)
|   0|0x0000000081800000, 0x0000000081900000, 0x0000000081900000|100%| O|  |TAMS 0x0000000081900000, 0x0000000081800000| Untracked 
|   1|0x0000000081900000, 0x0000000081a00000, 0x0000000081a00000|100%| O|  |TAMS 0x0000000081a00000, 0x0000000081900000| Untracked 
|   2|0x0000000081a00000, 0x0000000081b00000, 0x0000000081b00000|100%| O|  |TAMS 0x0000000081b00000, 0x0000000081a00000| Untracked 
|   3|0x0000000081b00000, 0x0000000081c00000, 0x0000000081c00000|100%| O|  |TAMS 0x0000000081c00000, 0x0000000081b00000| Untracked 
|   4|0x0000000081c00000, 0x0000000081d00000, 0x0000000081d00000|100%| O|  |TAMS 0x0000000081d00000, 0x0000000081c00000| Untracked 
|   5|0x0000000081d00000, 0x0000000081e00000, 0x0000000081e00000|100%| O|  |TAMS 0x0000000081e00000, 0x0000000081d00000| Untracked 
|   6|0x0000000081e00000, 0x0000000081e00000, 0x0000000081f00000|  0%| F|  |TAMS 0x0000000081e00000, 0x0000000081e00000| Untracked 
|   7|0x0000000081f00000, 0x0000000081f00000, 0x0000000082000000|  0%| F|  |TAMS 0x0000000081f00000, 0x0000000081f00000| Untracked 
|   8|0x0000000082000000, 0x0000000082000000, 0x0000000082100000|  0%| F|  |TAMS 0x0000000082000000, 0x0000000082000000| Untracked 
|   9|0x0000000082100000, 0x0000000082100000, 0x0000000082200000|  0%| F|  |TAMS 0x0000000082100000, 0x0000000082100000| Untracked 
|  10|0x0000000082200000, 0x0000000082200000, 0x0000000082300000|  0%| F|  |TAMS 0x0000000082200000, 0x0000000082200000| Untracked 
|  11|0x0000000082300000, 0x0000000082300000, 0x0000000082400000|  0%| F|  |TAMS 0x0000000082300000, 0x0000000082300000| Untracked 
|  12|0x0000000082400000, 0x0000000082400000, 0x0000000082500000|  0%| F|  |TAMS 0x0000000082400000, 0x0000000082400000| Untracked 
|  13|0x0000000082500000, 0x0000000082500000, 0x0000000082600000|  0%| F|  |TAMS 0x0000000082500000, 0x0000000082500000| Untracked 
|  14|0x0000000082600000, 0x0000000082600000, 0x0000000082700000|  0%| F|  |TAMS 0x0000000082600000, 0x0000000082600000| Untracked 
|  15|0x0000000082700000, 0x0000000082700000, 0x0000000082800000|  0%| F|  |TAMS 0x0000000082700000, 0x0000000082700000| Untracked 
|  16|0x0000000082800000, 0x0000000082800000, 0x0000000082900000|  0%| F|  |TAMS 0x0000000082800000, 0x0000000082800000| Untracked 
|  17|0x0000000082900000, 0x0000000082900000, 0x0000000082a00000|  0%| F|  |TAMS 0x0000000082900000, 0x0000000082900000| Untracked 
|  18|0x0000000082a00000, 0x0000000082a00000, 0x0000000082b00000|  0%| F|  |TAMS 0x0000000082a00000, 0x0000000082a00000| Untracked 
|  19|0x0000000082b00000, 0x0000000082b00000, 0x0000000082c00000|  0%| F|  |TAMS 0x0000000082b00000, 0x0000000082b00000| Untracked 
|  20|0x0000000082c00000, 0x0000000082c00000, 0x0000000082d00000|  0%| F|  |TAMS 0x0000000082c00000, 0x0000000082c00000| Untracked 
|  21|0x0000000082d00000, 0x0000000082d00000, 0x0000000082e00000|  0%| F|  |TAMS 0x0000000082d00000, 0x0000000082d00000| Untracked 
|  22|0x0000000082e00000, 0x0000000082e00000, 0x0000000082f00000|  0%| F|  |TAMS 0x0000000082e00000, 0x0000000082e00000| Untracked 
|  23|0x0000000082f00000, 0x0000000082f00000, 0x0000000083000000|  0%| F|  |TAMS 0x0000000082f00000, 0x0000000082f00000| Untracked 
|  24|0x0000000083000000, 0x0000000083000000, 0x0000000083100000|  0%| F|  |TAMS 0x0000000083000000, 0x0000000083000000| Untracked 
|  25|0x0000000083100000, 0x0000000083100000, 0x0000000083200000|  0%| F|  |TAMS 0x0000000083100000, 0x0000000083100000| Untracked 
|  26|0x0000000083200000, 0x0000000083200000, 0x0000000083300000|  0%| F|  |TAMS 0x0000000083200000, 0x0000000083200000| Untracked 
|  27|0x0000000083300000, 0x0000000083300000, 0x0000000083400000|  0%| F|  |TAMS 0x0000000083300000, 0x0000000083300000| Untracked 
|  28|0x0000000083400000, 0x0000000083400000, 0x0000000083500000|  0%| F|  |TAMS 0x0000000083400000, 0x0000000083400000| Untracked 
|  29|0x0000000083500000, 0x0000000083500000, 0x0000000083600000|  0%| F|  |TAMS 0x0000000083500000, 0x0000000083500000| Untracked 
|  30|0x0000000083600000, 0x0000000083600000, 0x0000000083700000|  0%| F|  |TAMS 0x0000000083600000, 0x0000000083600000| Untracked 
|  31|0x0000000083700000, 0x0000000083700000, 0x0000000083800000|  0%| F|  |TAMS 0x0000000083700000, 0x0000000083700000| Untracked 
|  32|0x0000000083800000, 0x0000000083800000, 0x0000000083900000|  0%| F|  |TAMS 0x0000000083800000, 0x0000000083800000| Untracked 
|  33|0x0000000083900000, 0x0000000083900000, 0x0000000083a00000|  0%| F|  |TAMS 0x0000000083900000, 0x0000000083900000| Untracked 
|  34|0x0000000083a00000, 0x0000000083a00000, 0x0000000083b00000|  0%| F|  |TAMS 0x0000000083a00000, 0x0000000083a00000| Untracked 
|  35|0x0000000083b00000, 0x0000000083b00000, 0x0000000083c00000|  0%| F|  |TAMS 0x0000000083b00000, 0x0000000083b00000| Untracked 
|  36|0x0000000083c00000, 0x0000000083c00000, 0x0000000083d00000|  0%| F|  |TAMS 0x0000000083c00000, 0x0000000083c00000| Untracked 
|  37|0x0000000083d00000, 0x0000000083d00000, 0x0000000083e00000|  0%| F|  |TAMS 0x0000000083d00000, 0x0000000083d00000| Untracked 
|  38|0x0000000083e00000, 0x0000000083e00000, 0x0000000083f00000|  0%| F|  |TAMS 0x0000000083e00000, 0x0000000083e00000| Untracked 
|  39|0x0000000083f00000, 0x0000000083f00000, 0x0000000084000000|  0%| F|  |TAMS 0x0000000083f00000, 0x0000000083f00000| Untracked 
|  40|0x0000000084000000, 0x0000000084000000, 0x0000000084100000|  0%| F|  |TAMS 0x0000000084000000, 0x0000000084000000| Untracked 
|  41|0x0000000084100000, 0x0000000084100000, 0x0000000084200000|  0%| F|  |TAMS 0x0000000084100000, 0x0000000084100000| Untracked 
|  42|0x0000000084200000, 0x0000000084200000, 0x0000000084300000|  0%| F|  |TAMS 0x0000000084200000, 0x0000000084200000| Untracked 
|  43|0x0000000084300000, 0x0000000084300000, 0x0000000084400000|  0%| F|  |TAMS 0x0000000084300000, 0x0000000084300000| Untracked 
|  44|0x0000000084400000, 0x0000000084400000, 0x0000000084500000|  0%| F|  |TAMS 0x0000000084400000, 0x0000000084400000| Untracked 
|  45|0x0000000084500000, 0x0000000084500000, 0x0000000084600000|  0%| F|  |TAMS 0x0000000084500000, 0x0000000084500000| Untracked 
|  46|0x0000000084600000, 0x0000000084600000, 0x0000000084700000|  0%| F|  |TAMS 0x0000000084600000, 0x0000000084600000| Untracked 
|  47|0x0000000084700000, 0x0000000084700000, 0x0000000084800000|  0%| F|  |TAMS 0x0000000084700000, 0x0000000084700000| Untracked 
|  48|0x0000000084800000, 0x0000000084800000, 0x0000000084900000|  0%| F|  |TAMS 0x0000000084800000, 0x0000000084800000| Untracked 
|  49|0x0000000084900000, 0x0000000084900000, 0x0000000084a00000|  0%| F|  |TAMS 0x0000000084900000, 0x0000000084900000| Untracked 
|  50|0x0000000084a00000, 0x0000000084a00000, 0x0000000084b00000|  0%| F|  |TAMS 0x0000000084a00000, 0x0000000084a00000| Untracked 
|  51|0x0000000084b00000, 0x0000000084b00000, 0x0000000084c00000|  0%| F|  |TAMS 0x0000000084b00000, 0x0000000084b00000| Untracked 
|  52|0x0000000084c00000, 0x0000000084c00000, 0x0000000084d00000|  0%| F|  |TAMS 0x0000000084c00000, 0x0000000084c00000| Untracked 
|  53|0x0000000084d00000, 0x0000000084d00000, 0x0000000084e00000|  0%| F|  |TAMS 0x0000000084d00000, 0x0000000084d00000| Untracked 
|  54|0x0000000084e00000, 0x0000000084e00000, 0x0000000084f00000|  0%| F|  |TAMS 0x0000000084e00000, 0x0000000084e00000| Untracked 
|  55|0x0000000084f00000, 0x0000000084f00000, 0x0000000085000000|  0%| F|  |TAMS 0x0000000084f00000, 0x0000000084f00000| Untracked 
|  56|0x0000000085000000, 0x0000000085000000, 0x0000000085100000|  0%| F|  |TAMS 0x0000000085000000, 0x0000000085000000| Untracked 
|  57|0x0000000085100000, 0x0000000085100000, 0x0000000085200000|  0%| F|  |TAMS 0x0000000085100000, 0x0000000085100000| Untracked 
|  58|0x0000000085200000, 0x0000000085200000, 0x0000000085300000|  0%| F|  |TAMS 0x0000000085200000, 0x0000000085200000| Untracked 
|  59|0x0000000085300000, 0x0000000085300000, 0x0000000085400000|  0%| F|  |TAMS 0x0000000085300000, 0x0000000085300000| Untracked 
|  60|0x0000000085400000, 0x0000000085400000, 0x0000000085500000|  0%| F|  |TAMS 0x0000000085400000, 0x0000000085400000| Untracked 
|  61|0x0000000085500000, 0x0000000085500000, 0x0000000085600000|  0%| F|  |TAMS 0x0000000085500000, 0x0000000085500000| Untracked 
|  62|0x0000000085600000, 0x0000000085600000, 0x0000000085700000|  0%| F|  |TAMS 0x0000000085600000, 0x0000000085600000| Untracked 
|  63|0x0000000085700000, 0x0000000085700000, 0x0000000085800000|  0%| F|  |TAMS 0x0000000085700000, 0x0000000085700000| Untracked 
|  64|0x0000000085800000, 0x0000000085800000, 0x0000000085900000|  0%| F|  |TAMS 0x0000000085800000, 0x0000000085800000| Untracked 
|  65|0x0000000085900000, 0x0000000085900000, 0x0000000085a00000|  0%| F|  |TAMS 0x0000000085900000, 0x0000000085900000| Untracked 
|  66|0x0000000085a00000, 0x0000000085a00000, 0x0000000085b00000|  0%| F|  |TAMS 0x0000000085a00000, 0x0000000085a00000| Untracked 
|  67|0x0000000085b00000, 0x0000000085b00000, 0x0000000085c00000|  0%| F|  |TAMS 0x0000000085b00000, 0x0000000085b00000| Untracked 
|  68|0x0000000085c00000, 0x0000000085c00000, 0x0000000085d00000|  0%| F|  |TAMS 0x0000000085c00000, 0x0000000085c00000| Untracked 
|  69|0x0000000085d00000, 0x0000000085d00000, 0x0000000085e00000|  0%| F|  |TAMS 0x0000000085d00000, 0x0000000085d00000| Untracked 
|  70|0x0000000085e00000, 0x0000000085e00000, 0x0000000085f00000|  0%| F|  |TAMS 0x0000000085e00000, 0x0000000085e00000| Untracked 
|  71|0x0000000085f00000, 0x0000000085f00000, 0x0000000086000000|  0%| F|  |TAMS 0x0000000085f00000, 0x0000000085f00000| Untracked 
|  72|0x0000000086000000, 0x0000000086000000, 0x0000000086100000|  0%| F|  |TAMS 0x0000000086000000, 0x0000000086000000| Untracked 
|  73|0x0000000086100000, 0x0000000086100000, 0x0000000086200000|  0%| F|  |TAMS 0x0000000086100000, 0x0000000086100000| Untracked 
|  74|0x0000000086200000, 0x0000000086200000, 0x0000000086300000|  0%| F|  |TAMS 0x0000000086200000, 0x0000000086200000| Untracked 
|  75|0x0000000086300000, 0x0000000086300000, 0x0000000086400000|  0%| F|  |TAMS 0x0000000086300000, 0x0000000086300000| Untracked 
|  76|0x0000000086400000, 0x0000000086400000, 0x0000000086500000|  0%| F|  |TAMS 0x0000000086400000, 0x0000000086400000| Untracked 
|  77|0x0000000086500000, 0x00000000865a1340, 0x0000000086600000| 62%| S|CS|TAMS 0x0000000086500000, 0x0000000086500000| Complete 
|  78|0x0000000086600000, 0x0000000086700000, 0x0000000086700000|100%| S|CS|TAMS 0x0000000086600000, 0x0000000086600000| Complete 
|  79|0x0000000086700000, 0x0000000086800000, 0x0000000086800000|100%| S|CS|TAMS 0x0000000086700000, 0x0000000086700000| Complete 
|  80|0x0000000086800000, 0x0000000086800000, 0x0000000086900000|  0%| F|  |TAMS 0x0000000086800000, 0x0000000086800000| Untracked 
|  81|0x0000000086900000, 0x0000000086900000, 0x0000000086a00000|  0%| F|  |TAMS 0x0000000086900000, 0x0000000086900000| Untracked 
|  82|0x0000000086a00000, 0x0000000086a00000, 0x0000000086b00000|  0%| F|  |TAMS 0x0000000086a00000, 0x0000000086a00000| Untracked 
|  83|0x0000000086b00000, 0x0000000086b00000, 0x0000000086c00000|  0%| F|  |TAMS 0x0000000086b00000, 0x0000000086b00000| Untracked 
|  84|0x0000000086c00000, 0x0000000086c00000, 0x0000000086d00000|  0%| F|  |TAMS 0x0000000086c00000, 0x0000000086c00000| Untracked 
|  85|0x0000000086d00000, 0x0000000086d00000, 0x0000000086e00000|  0%| F|  |TAMS 0x0000000086d00000, 0x0000000086d00000| Untracked 
|  86|0x0000000086e00000, 0x0000000086e00000, 0x0000000086f00000|  0%| F|  |TAMS 0x0000000086e00000, 0x0000000086e00000| Untracked 
|  87|0x0000000086f00000, 0x0000000086f00000, 0x0000000087000000|  0%| F|  |TAMS 0x0000000086f00000, 0x0000000086f00000| Untracked 
|  88|0x0000000087000000, 0x0000000087000000, 0x0000000087100000|  0%| F|  |TAMS 0x0000000087000000, 0x0000000087000000| Untracked 
|  89|0x0000000087100000, 0x0000000087100000, 0x0000000087200000|  0%| F|  |TAMS 0x0000000087100000, 0x0000000087100000| Untracked 
|  90|0x0000000087200000, 0x0000000087200000, 0x0000000087300000|  0%| F|  |TAMS 0x0000000087200000, 0x0000000087200000| Untracked 
|  91|0x0000000087300000, 0x0000000087300000, 0x0000000087400000|  0%| F|  |TAMS 0x0000000087300000, 0x0000000087300000| Untracked 
|  92|0x0000000087400000, 0x0000000087400000, 0x0000000087500000|  0%| F|  |TAMS 0x0000000087400000, 0x0000000087400000| Untracked 
|  93|0x0000000087500000, 0x0000000087500000, 0x0000000087600000|  0%| F|  |TAMS 0x0000000087500000, 0x0000000087500000| Untracked 
|  94|0x0000000087600000, 0x0000000087600000, 0x0000000087700000|  0%| F|  |TAMS 0x0000000087600000, 0x0000000087600000| Untracked 
|  95|0x0000000087700000, 0x0000000087700000, 0x0000000087800000|  0%| F|  |TAMS 0x0000000087700000, 0x0000000087700000| Untracked 
|  96|0x0000000087800000, 0x0000000087800000, 0x0000000087900000|  0%| F|  |TAMS 0x0000000087800000, 0x0000000087800000| Untracked 
|  97|0x0000000087900000, 0x0000000087900000, 0x0000000087a00000|  0%| F|  |TAMS 0x0000000087900000, 0x0000000087900000| Untracked 
|  98|0x0000000087a00000, 0x0000000087a00000, 0x0000000087b00000|  0%| F|  |TAMS 0x0000000087a00000, 0x0000000087a00000| Untracked 
|  99|0x0000000087b00000, 0x0000000087b00000, 0x0000000087c00000|  0%| F|  |TAMS 0x0000000087b00000, 0x0000000087b00000| Untracked 
| 100|0x0000000087c00000, 0x0000000087c00000, 0x0000000087d00000|  0%| F|  |TAMS 0x0000000087c00000, 0x0000000087c00000| Untracked 
| 101|0x0000000087d00000, 0x0000000087d00000, 0x0000000087e00000|  0%| F|  |TAMS 0x0000000087d00000, 0x0000000087d00000| Untracked 
| 102|0x0000000087e00000, 0x0000000087e00000, 0x0000000087f00000|  0%| F|  |TAMS 0x0000000087e00000, 0x0000000087e00000| Untracked 
| 103|0x0000000087f00000, 0x0000000087f00000, 0x0000000088000000|  0%| F|  |TAMS 0x0000000087f00000, 0x0000000087f00000| Untracked 
| 104|0x0000000088000000, 0x0000000088100000, 0x0000000088100000|100%| E|  |TAMS 0x0000000088000000, 0x0000000088000000| Complete 
| 105|0x0000000088100000, 0x0000000088200000, 0x0000000088200000|100%| E|CS|TAMS 0x0000000088100000, 0x0000000088100000| Complete 
| 106|0x0000000088200000, 0x0000000088300000, 0x0000000088300000|100%| E|CS|TAMS 0x0000000088200000, 0x0000000088200000| Complete 
| 107|0x0000000088300000, 0x0000000088400000, 0x0000000088400000|100%| E|CS|TAMS 0x0000000088300000, 0x0000000088300000| Complete 
| 108|0x0000000088400000, 0x0000000088500000, 0x0000000088500000|100%| E|CS|TAMS 0x0000000088400000, 0x0000000088400000| Complete 
| 109|0x0000000088500000, 0x0000000088600000, 0x0000000088600000|100%| E|CS|TAMS 0x0000000088500000, 0x0000000088500000| Complete 
| 110|0x0000000088600000, 0x0000000088700000, 0x0000000088700000|100%| E|CS|TAMS 0x0000000088600000, 0x0000000088600000| Complete 
| 111|0x0000000088700000, 0x0000000088800000, 0x0000000088800000|100%| E|CS|TAMS 0x0000000088700000, 0x0000000088700000| Complete 
| 112|0x0000000088800000, 0x0000000088900000, 0x0000000088900000|100%| E|CS|TAMS 0x0000000088800000, 0x0000000088800000| Complete 
| 113|0x0000000088900000, 0x0000000088a00000, 0x0000000088a00000|100%| E|CS|TAMS 0x0000000088900000, 0x0000000088900000| Complete 
| 114|0x0000000088a00000, 0x0000000088b00000, 0x0000000088b00000|100%| E|CS|TAMS 0x0000000088a00000, 0x0000000088a00000| Complete 
| 115|0x0000000088b00000, 0x0000000088c00000, 0x0000000088c00000|100%| E|CS|TAMS 0x0000000088b00000, 0x0000000088b00000| Complete 
| 116|0x0000000088c00000, 0x0000000088d00000, 0x0000000088d00000|100%| E|CS|TAMS 0x0000000088c00000, 0x0000000088c00000| Complete 
| 117|0x0000000088d00000, 0x0000000088e00000, 0x0000000088e00000|100%| E|CS|TAMS 0x0000000088d00000, 0x0000000088d00000| Complete 
| 118|0x0000000088e00000, 0x0000000088f00000, 0x0000000088f00000|100%| E|CS|TAMS 0x0000000088e00000, 0x0000000088e00000| Complete 
| 119|0x0000000088f00000, 0x0000000089000000, 0x0000000089000000|100%| E|CS|TAMS 0x0000000088f00000, 0x0000000088f00000| Complete 
| 120|0x0000000089000000, 0x0000000089100000, 0x0000000089100000|100%| E|CS|TAMS 0x0000000089000000, 0x0000000089000000| Complete 
| 121|0x0000000089100000, 0x0000000089200000, 0x0000000089200000|100%| E|CS|TAMS 0x0000000089100000, 0x0000000089100000| Complete 
| 122|0x0000000089200000, 0x0000000089300000, 0x0000000089300000|100%| E|CS|TAMS 0x0000000089200000, 0x0000000089200000| Complete 
| 123|0x0000000089300000, 0x0000000089400000, 0x0000000089400000|100%| E|CS|TAMS 0x0000000089300000, 0x0000000089300000| Complete 
| 124|0x0000000089400000, 0x0000000089500000, 0x0000000089500000|100%| E|CS|TAMS 0x0000000089400000, 0x0000000089400000| Complete 
| 125|0x0000000089500000, 0x0000000089600000, 0x0000000089600000|100%| E|CS|TAMS 0x0000000089500000, 0x0000000089500000| Complete 
| 126|0x0000000089600000, 0x0000000089700000, 0x0000000089700000|100%| E|CS|TAMS 0x0000000089600000, 0x0000000089600000| Complete 
| 127|0x0000000089700000, 0x0000000089800000, 0x0000000089800000|100%| E|CS|TAMS 0x0000000089700000, 0x0000000089700000| Complete 
| 128|0x0000000089800000, 0x0000000089900000, 0x0000000089900000|100%| E|CS|TAMS 0x0000000089800000, 0x0000000089800000| Complete 
| 129|0x0000000089900000, 0x0000000089a00000, 0x0000000089a00000|100%| E|CS|TAMS 0x0000000089900000, 0x0000000089900000| Complete 
| 130|0x0000000089a00000, 0x0000000089b00000, 0x0000000089b00000|100%| E|CS|TAMS 0x0000000089a00000, 0x0000000089a00000| Complete 
| 131|0x0000000089b00000, 0x0000000089c00000, 0x0000000089c00000|100%| E|CS|TAMS 0x0000000089b00000, 0x0000000089b00000| Complete 
| 132|0x0000000089c00000, 0x0000000089d00000, 0x0000000089d00000|100%| E|CS|TAMS 0x0000000089c00000, 0x0000000089c00000| Complete 
| 133|0x0000000089d00000, 0x0000000089e00000, 0x0000000089e00000|100%| E|CS|TAMS 0x0000000089d00000, 0x0000000089d00000| Complete 
| 134|0x0000000089e00000, 0x0000000089f00000, 0x0000000089f00000|100%| E|CS|TAMS 0x0000000089e00000, 0x0000000089e00000| Complete 
| 135|0x0000000089f00000, 0x000000008a000000, 0x000000008a000000|100%| E|CS|TAMS 0x0000000089f00000, 0x0000000089f00000| Complete 
| 136|0x000000008a000000, 0x000000008a100000, 0x000000008a100000|100%| E|CS|TAMS 0x000000008a000000, 0x000000008a000000| Complete 
| 137|0x000000008a100000, 0x000000008a200000, 0x000000008a200000|100%| E|CS|TAMS 0x000000008a100000, 0x000000008a100000| Complete 
| 138|0x000000008a200000, 0x000000008a300000, 0x000000008a300000|100%| E|CS|TAMS 0x000000008a200000, 0x000000008a200000| Complete 
| 139|0x000000008a300000, 0x000000008a400000, 0x000000008a400000|100%| E|CS|TAMS 0x000000008a300000, 0x000000008a300000| Complete 
| 140|0x000000008a400000, 0x000000008a500000, 0x000000008a500000|100%| E|CS|TAMS 0x000000008a400000, 0x000000008a400000| Complete 
| 141|0x000000008a500000, 0x000000008a600000, 0x000000008a600000|100%| E|CS|TAMS 0x000000008a500000, 0x000000008a500000| Complete 
| 142|0x000000008a600000, 0x000000008a700000, 0x000000008a700000|100%| E|CS|TAMS 0x000000008a600000, 0x000000008a600000| Complete 
| 143|0x000000008a700000, 0x000000008a800000, 0x000000008a800000|100%| E|CS|TAMS 0x000000008a700000, 0x000000008a700000| Complete 
| 144|0x000000008a800000, 0x000000008a900000, 0x000000008a900000|100%| E|CS|TAMS 0x000000008a800000, 0x000000008a800000| Complete 
| 145|0x000000008a900000, 0x000000008aa00000, 0x000000008aa00000|100%| E|CS|TAMS 0x000000008a900000, 0x000000008a900000| Complete 
| 146|0x000000008aa00000, 0x000000008ab00000, 0x000000008ab00000|100%| E|CS|TAMS 0x000000008aa00000, 0x000000008aa00000| Complete 
| 147|0x000000008ab00000, 0x000000008ac00000, 0x000000008ac00000|100%| E|CS|TAMS 0x000000008ab00000, 0x000000008ab00000| Complete 
| 148|0x000000008ac00000, 0x000000008ad00000, 0x000000008ad00000|100%| E|CS|TAMS 0x000000008ac00000, 0x000000008ac00000| Complete 
| 149|0x000000008ad00000, 0x000000008ae00000, 0x000000008ae00000|100%| E|CS|TAMS 0x000000008ad00000, 0x000000008ad00000| Complete 
| 150|0x000000008ae00000, 0x000000008af00000, 0x000000008af00000|100%| E|CS|TAMS 0x000000008ae00000, 0x000000008ae00000| Complete 
| 151|0x000000008af00000, 0x000000008b000000, 0x000000008b000000|100%| E|CS|TAMS 0x000000008af00000, 0x000000008af00000| Complete 
| 152|0x000000008b000000, 0x000000008b100000, 0x000000008b100000|100%| E|CS|TAMS 0x000000008b000000, 0x000000008b000000| Complete 
| 153|0x000000008b100000, 0x000000008b200000, 0x000000008b200000|100%| E|CS|TAMS 0x000000008b100000, 0x000000008b100000| Complete 

Card table byte_map: [0x000000001a330000,0x000000001a730000] _byte_map_base: 0x0000000019f24000

Marking Bits (Prev, Next): (CMBitMap*) 0x00000000001766b0, (CMBitMap*) 0x0000000000176678
 Prev Bits: [0x000000001cad0000, 0x000000001ea70000)
 Next Bits: [0x000000001ab30000, 0x000000001cad0000)

Polling page: 0x00000000001c0000

Metaspace:

Usage:
  Non-class:     24.04 MB capacity,    23.50 MB ( 98%) used,   462.99 KB (  2%) free+waste,    82.38 KB ( <1%) overhead. 
      Class:      3.61 MB capacity,     3.30 MB ( 91%) used,   277.34 KB (  8%) free+waste,    39.38 KB (  1%) overhead. 
       Both:     27.64 MB capacity,    26.80 MB ( 97%) used,   740.34 KB (  3%) free+waste,   121.75 KB ( <1%) overhead. 

Virtual space:
  Non-class space:       26.00 MB reserved,      24.25 MB ( 93%) committed 
      Class space:        1.00 GB reserved,       3.63 MB ( <1%) committed 
             Both:        1.03 GB reserved,      27.88 MB (  3%) committed 

Chunk freelists:
   Non-Class:  3.38 KB
       Class:  2.13 KB
        Both:  5.50 KB

CodeHeap 'non-profiled nmethods': size=120064Kb used=1636Kb max_used=1636Kb free=118428Kb
 bounds [0x00000000123c0000, 0x0000000012630000, 0x0000000019900000]
CodeHeap 'profiled nmethods': size=120000Kb used=6704Kb max_used=6704Kb free=113296Kb
 bounds [0x000000000ae90000, 0x000000000b520000, 0x00000000123c0000]
CodeHeap 'non-nmethods': size=5696Kb used=1248Kb max_used=1343Kb free=4447Kb
 bounds [0x000000000a900000, 0x000000000ab70000, 0x000000000ae90000]
 total_blobs=3859 nmethods=2803 adapters=422
 compilation: enabled
              stopped_count=0, restarted_count=0
 full_count=0

Compilation events (10 events):
Event: 5.344 Thread 0x0000000063e56800 nmethod 2758 0x0000000012535010 code [0x00000000125351c0, 0x00000000125358a8]
Event: 5.345 Thread 0x0000000063e56800 2385       4       java.lang.ref.SoftReference::get (29 bytes)
Event: 5.345 Thread 0x0000000063e56800 nmethod 2385 0x0000000012535a10 code [0x0000000012535ba0, 0x0000000012535c78]
Event: 5.345 Thread 0x0000000063e56800 2404       4       java.lang.String::<init> (74 bytes)
Event: 5.352 Thread 0x0000000063e56800 nmethod 2404 0x0000000012535d10 code [0x0000000012535ec0, 0x0000000012536538]
Event: 5.352 Thread 0x0000000063e56800 2375       4       org.eclipse.jdt.launching.internal.org.objectweb.asm.SymbolTable::addConstant (330 bytes)
Event: 5.446 Thread 0x0000000063e56800 nmethod 2375 0x0000000012536710 code [0x0000000012536a40, 0x00000000125394f8]
Event: 5.446 Thread 0x0000000063e56800 2370       4       org.eclipse.jdt.launching.internal.org.objectweb.asm.MethodWriter::visitTypeInsn (116 bytes)
Event: 5.453 Thread 0x0000000063e56800 nmethod 2370 0x000000001253ad90 code [0x000000001253af60, 0x000000001253b418]
Event: 6.170 Thread 0x0000000061ecd000 nmethod 2400% 0x000000001253b790 code [0x000000001253bf80, 0x000000001254fa10]

GC Heap History (10 events):
Event: 0.927 GC heap before
{Heap before GC invocations=0 (full 0):
 garbage-first heap   total 131072K, used 13312K [0x0000000081800000, 0x0000000100000000)
  region size 1024K, 14 young (14336K), 0 survivors (0K)
 Metaspace       used 9278K, capacity 9413K, committed 9600K, reserved 1058816K
  class space    used 804K, capacity 835K, committed 896K, reserved 1048576K
}
Event: 0.933 GC heap after
{Heap after GC invocations=1 (full 0):
 garbage-first heap   total 131072K, used 5977K [0x0000000081800000, 0x0000000100000000)
  region size 1024K, 2 young (2048K), 2 survivors (2048K)
 Metaspace       used 9278K, capacity 9413K, committed 9600K, reserved 1058816K
  class space    used 804K, capacity 835K, committed 896K, reserved 1048576K
}
Event: 1.134 GC heap before
{Heap before GC invocations=1 (full 0):
 garbage-first heap   total 131072K, used 12121K [0x0000000081800000, 0x0000000100000000)
  region size 1024K, 8 young (8192K), 2 survivors (2048K)
 Metaspace       used 10176K, capacity 10271K, committed 10496K, reserved 1058816K
  class space    used 903K, capacity 950K, committed 1024K, reserved 1048576K
}
Event: 1.140 GC heap after
{Heap after GC invocations=2 (full 0):
 garbage-first heap   total 131072K, used 6712K [0x0000000081800000, 0x0000000100000000)
  region size 1024K, 1 young (1024K), 1 survivors (1024K)
 Metaspace       used 10176K, capacity 10271K, committed 10496K, reserved 1058816K
  class space    used 903K, capacity 950K, committed 1024K, reserved 1048576K
}
Event: 1.784 GC heap before
{Heap before GC invocations=2 (full 0):
 garbage-first heap   total 131072K, used 29240K [0x0000000081800000, 0x0000000100000000)
  region size 1024K, 23 young (23552K), 1 survivors (1024K)
 Metaspace       used 13677K, capacity 14099K, committed 14336K, reserved 1062912K
  class space    used 1323K, capacity 1463K, committed 1536K, reserved 1048576K
}
Event: 1.791 GC heap after
{Heap after GC invocations=3 (full 0):
 garbage-first heap   total 131072K, used 7499K [0x0000000081800000, 0x0000000100000000)
  region size 1024K, 2 young (2048K), 2 survivors (2048K)
 Metaspace       used 13677K, capacity 14099K, committed 14336K, reserved 1062912K
  class space    used 1323K, capacity 1463K, committed 1536K, reserved 1048576K
}
Event: 2.653 GC heap before
{Heap before GC invocations=3 (full 0):
 garbage-first heap   total 131072K, used 47435K [0x0000000081800000, 0x0000000100000000)
  region size 1024K, 41 young (41984K), 2 survivors (2048K)
 Metaspace       used 17064K, capacity 17674K, committed 17792K, reserved 1064960K
  class space    used 1931K, capacity 2143K, committed 2176K, reserved 1048576K
}
Event: 2.661 GC heap after
{Heap after GC invocations=4 (full 0):
 garbage-first heap   total 131072K, used 8141K [0x0000000081800000, 0x0000000100000000)
  region size 1024K, 2 young (2048K), 2 survivors (2048K)
 Metaspace       used 17064K, capacity 17674K, committed 17792K, reserved 1064960K
  class space    used 1931K, capacity 2143K, committed 2176K, reserved 1048576K
}
Event: 3.520 GC heap before
{Heap before GC invocations=4 (full 0):
 garbage-first heap   total 131072K, used 54221K [0x0000000081800000, 0x0000000100000000)
  region size 1024K, 48 young (49152K), 2 survivors (2048K)
 Metaspace       used 20540K, capacity 21189K, committed 21248K, reserved 1067008K
  class space    used 2500K, capacity 2772K, committed 2816K, reserved 1048576K
}
Event: 3.528 GC heap after
{Heap after GC invocations=5 (full 0):
 garbage-first heap   total 157696K, used 8836K [0x0000000081800000, 0x0000000100000000)
  region size 1024K, 3 young (3072K), 3 survivors (3072K)
 Metaspace       used 20540K, capacity 21189K, committed 21248K, reserved 1067008K
  class space    used 2500K, capacity 2772K, committed 2816K, reserved 1048576K
}

Deoptimization events (10 events):
Event: 3.157 Thread 0x000000000013d800 Uncommon trap: reason=bimorphic_or_optimized_type_check action=maybe_recompile pc=0x000000001245854c method=java.util.HashMap.putVal(ILjava/lang/Object;Ljava/lang/Object;ZZ)Ljava/lang/Object; @ 203 c2
Event: 3.158 Thread 0x000000000013d800 Uncommon trap: reason=bimorphic_or_optimized_type_check action=maybe_recompile pc=0x000000001245854c method=java.util.HashMap.putVal(ILjava/lang/Object;Ljava/lang/Object;ZZ)Ljava/lang/Object; @ 203 c2
Event: 3.158 Thread 0x000000000013d800 Uncommon trap: reason=bimorphic_or_optimized_type_check action=maybe_recompile pc=0x000000001245854c method=java.util.HashMap.putVal(ILjava/lang/Object;Ljava/lang/Object;ZZ)Ljava/lang/Object; @ 203 c2
Event: 3.159 Thread 0x000000000013d800 Uncommon trap: reason=bimorphic_or_optimized_type_check action=maybe_recompile pc=0x000000001245854c method=java.util.HashMap.putVal(ILjava/lang/Object;Ljava/lang/Object;ZZ)Ljava/lang/Object; @ 203 c2
Event: 3.393 Thread 0x000000000013d800 Uncommon trap: reason=unstable_if action=reinterpret pc=0x00000000123d5764 method=java.lang.CharacterData.of(I)Ljava/lang/CharacterData; @ 4 c2
Event: 3.564 Thread 0x000000000013d800 Uncommon trap: reason=unstable_if action=reinterpret pc=0x00000000124afc74 method=org.eclipse.jdt.launching.internal.org.objectweb.asm.ClassReader.readCode(Lorg/eclipse/jdt/launching/internal/org/objectweb/asm/MethodVisitor;Lorg/eclipse/jdt/launching/inte
Event: 3.989 Thread 0x000000000013d800 Uncommon trap: reason=unstable_if action=reinterpret pc=0x00000000124491cc method=java.io.WinNTFileSystem.normalize(Ljava/lang/String;)Ljava/lang/String; @ 128 c2
Event: 4.233 Thread 0x000000000013d800 Uncommon trap: reason=unstable_if action=reinterpret pc=0x0000000012502c9c method=java.util.concurrent.ConcurrentHashMap.putVal(Ljava/lang/Object;Ljava/lang/Object;Z)Ljava/lang/Object; @ 256 c2
Event: 4.377 Thread 0x000000000013d800 Uncommon trap: reason=unstable_if action=reinterpret pc=0x000000001245063c method=jdk.internal.org.objectweb.asm.Type.getArgumentsAndReturnSizes(Ljava/lang/String;)I @ 136 c2
Event: 4.578 Thread 0x000000000013d800 Uncommon trap: reason=unstable_if action=reinterpret pc=0x00000000124fadb0 method=java.lang.StringLatin1.regionMatchesCI([BI[BII)Z @ 66 c2

Classes redefined (2 events):
Event: 188.752 Thread 0x0000000061e68000 redefined class name=com.parkit.parkingsystem.TicketDAOTest, count=1
Event: 328.385 Thread 0x0000000061e68000 redefined class name=com.parkit.parkingsystem.TicketDAOTest, count=2

Internal exceptions (10 events):
Event: 4.373 Thread 0x000000000013d800 Exception <a 'java/lang/NoSuchMethodError'{0x0000000088fb0470}: java.lang.invoke.DirectMethodHandle$Holder.invokeSpecial(Ljava/lang/Object;Ljava/lang/Object;IILjava/lang/Object;Ljava/lang/Object;Ljava/lang/Object;)Ljava/lang/Object;> (0x0000000088fb0470) 
Event: 4.374 Thread 0x000000000013d800 Exception <a 'java/lang/NoSuchMethodError'{0x0000000088fb3f48}: java.lang.invoke.DelegatingMethodHandle$Holder.reinvoke_L(Ljava/lang/Object;IILjava/lang/Object;Ljava/lang/Object;Ljava/lang/Object;)Ljava/lang/Object;> (0x0000000088fb3f48) thrown at [t:/wor
Event: 4.375 Thread 0x000000000013d800 Exception <a 'java/lang/NoSuchMethodError'{0x0000000088fb9318}: java.lang.invoke.DirectMethodHandle$Holder.invokeStatic(Ljava/lang/Object;Ljava/lang/Object;Ljava/lang/Object;Ljava/lang/Object;I)Ljava/lang/Object;> (0x0000000088fb9318) thrown at [t:/worksp
Event: 4.465 Thread 0x000000000013d800 Exception <a 'java/lang/NoSuchMethodError'{0x0000000088c31768}: java.lang.invoke.DirectMethodHandle$Holder.invokeStatic(Ljava/lang/Object;Ljava/lang/Object;Ljava/lang/Object;Ljava/lang/Object;Ljava/lang/Object;Ljava/lang/Object;Ljava/lang/Object;Ljava/lan
Event: 4.467 Thread 0x000000000013d800 Exception <a 'java/lang/NoSuchMethodError'{0x0000000088c50c80}: java.lang.invoke.DirectMethodHandle$Holder.invokeStatic(Ljava/lang/Object;Ljava/lang/Object;Ljava/lang/Object;Ljava/lang/Object;Ljava/lang/Object;Ljava/lang/Object;Ljava/lang/Object;Ljava/lan
Event: 4.470 Thread 0x000000000013d800 Exception <a 'java/lang/NoSuchMethodError'{0x0000000088c710f0}: java.lang.invoke.DirectMethodHandle$Holder.invokeStatic(Ljava/lang/Object;Ljava/lang/Object;Ljava/lang/Object;Ljava/lang/Object;Ljava/lang/Object;Ljava/lang/Object;Ljava/lang/Object;Ljava/lan
Event: 4.473 Thread 0x000000000013d800 Exception <a 'java/lang/NoSuchMethodError'{0x0000000088c93108}: java.lang.invoke.DirectMethodHandle$Holder.invokeStatic(Ljava/lang/Object;Ljava/lang/Object;Ljava/lang/Object;Ljava/lang/Object;Ljava/lang/Object;Ljava/lang/Object;Ljava/lang/Object;Ljava/lan
Event: 4.668 Thread 0x000000000013d800 Exception <a 'java/lang/NoSuchMethodError'{0x00000000883258f8}: java.lang.invoke.DirectMethodHandle$Holder.invokeInterface(Ljava/lang/Object;Ljava/lang/Object;)I> (0x00000000883258f8) thrown at [t:/workspace/open/src/hotspot/share/interpreter/linkResolver
Event: 4.668 Thread 0x000000000013d800 Exception <a 'java/lang/IncompatibleClassChangeError'{0x0000000088328938}: Found class java.lang.Object, but interface was expected> (0x0000000088328938) thrown at [t:/workspace/open/src/hotspot/share/interpreter/linkResolver.cpp, line 838]
Event: 4.714 Thread 0x000000000013d800 Exception <a 'java/lang/NoSuchMethodError'{0x00000000883f41d0}: java.lang.invoke.DirectMethodHandle$Holder.invokeStatic(Ljava/lang/Object;Ljava/lang/Object;Ljava/lang/Object;Ljava/lang/Object;Ljava/lang/Object;)V> (0x00000000883f41d0) thrown at [t:/worksp

Events (10 events):
Event: 331.086 Executing VM operation: GetFrameLocation done
Event: 331.086 Executing VM operation: GetOrSetLocal
Event: 331.087 Executing VM operation: GetOrSetLocal done
Event: 331.087 Executing VM operation: GetFrameLocation
Event: 331.087 Executing VM operation: GetFrameLocation done
Event: 331.087 Executing VM operation: GetOrSetLocal
Event: 331.087 Executing VM operation: GetOrSetLocal done
Event: 331.102 Executing VM operation: GetFrameLocation
Event: 331.102 Executing VM operation: GetFrameLocation done
Event: 331.102 Executing VM operation: GetOrSetLocal


Dynamic libraries:
0x000000013fd10000 - 0x000000013fd57000 	C:\Java\jdk-11.0.6\bin\javaw.exe
0x0000000077a50000 - 0x0000000077bef000 	C:\WINDOWS\SYSTEM32\ntdll.dll
0x0000000077930000 - 0x0000000077a4f000 	C:\WINDOWS\system32\kernel32.dll
0x000007fefd830000 - 0x000007fefd89a000 	C:\WINDOWS\system32\KERNELBASE.dll
0x0000000075280000 - 0x0000000075315000 	C:\WINDOWS\System32\SYSFER.DLL
0x000007feff940000 - 0x000007feffa1b000 	C:\WINDOWS\system32\ADVAPI32.dll
0x000007fefd960000 - 0x000007fefd9ff000 	C:\WINDOWS\system32\msvcrt.dll
0x000007fefdf50000 - 0x000007fefdf6f000 	C:\WINDOWS\SYSTEM32\sechost.dll
0x000007feff470000 - 0x000007feff59d000 	C:\WINDOWS\system32\RPCRT4.dll
0x0000000077830000 - 0x000000007792a000 	C:\WINDOWS\system32\USER32.dll
0x000007feff870000 - 0x000007feff8d7000 	C:\WINDOWS\system32\GDI32.dll
0x000007feffc30000 - 0x000007feffc3e000 	C:\WINDOWS\system32\LPK.dll
0x000007feff3a0000 - 0x000007feff46b000 	C:\WINDOWS\system32\USP10.dll
0x000007fefbf30000 - 0x000007fefc124000 	C:\WINDOWS\WinSxS\amd64_microsoft.windows.common-controls_6595b64144ccf1df_6.0.7601.18837_none_fa3b1e3d17594757\COMCTL32.dll
0x000007fefde50000 - 0x000007fefdec1000 	C:\WINDOWS\system32\SHLWAPI.dll
0x000007fefc7f0000 - 0x000007fefc7fc000 	C:\WINDOWS\system32\VERSION.dll
0x000007feffc00000 - 0x000007feffc2e000 	C:\WINDOWS\system32\IMM32.DLL
0x000007fefdf70000 - 0x000007fefe079000 	C:\WINDOWS\system32\MSCTF.dll
0x000007fef0010000 - 0x000007fef0013000 	C:\WINDOWS\system32\api-ms-win-core-synch-l1-2-0.DLL
0x000007fefa880000 - 0x000007fefa896000 	C:\Java\jdk-11.0.6\bin\vcruntime140.dll
0x000007fefa8b0000 - 0x000007fefa8b4000 	C:\Java\jdk-11.0.6\bin\api-ms-win-crt-runtime-l1-1-0.dll
0x000007fed8d80000 - 0x000007fed8e76000 	C:\Java\jdk-11.0.6\bin\ucrtbase.DLL
0x000007fefab60000 - 0x000007fefab63000 	C:\Java\jdk-11.0.6\bin\api-ms-win-core-localization-l1-2-0.dll
0x000007fefa8a0000 - 0x000007fefa8a3000 	C:\Java\jdk-11.0.6\bin\api-ms-win-core-processthreads-l1-1-1.dll
0x000007fefa860000 - 0x000007fefa863000 	C:\Java\jdk-11.0.6\bin\api-ms-win-core-file-l1-2-0.dll
0x000007fefa870000 - 0x000007fefa873000 	C:\Java\jdk-11.0.6\bin\api-ms-win-core-timezone-l1-1-0.dll
0x000007fefa450000 - 0x000007fefa453000 	C:\Java\jdk-11.0.6\bin\api-ms-win-core-file-l2-1-0.dll
0x000007fefa800000 - 0x000007fefa804000 	C:\Java\jdk-11.0.6\bin\api-ms-win-crt-string-l1-1-0.dll
0x000007fef9f80000 - 0x000007fef9f83000 	C:\Java\jdk-11.0.6\bin\api-ms-win-crt-heap-l1-1-0.dll
0x000007fefa020000 - 0x000007fefa024000 	C:\Java\jdk-11.0.6\bin\api-ms-win-crt-stdio-l1-1-0.dll
0x000007fef8cb0000 - 0x000007fef8cb4000 	C:\Java\jdk-11.0.6\bin\api-ms-win-crt-convert-l1-1-0.dll
0x000007feecad0000 - 0x000007feecb7a000 	C:\Java\jdk-11.0.6\bin\msvcp140.dll
0x000007fef8cd0000 - 0x000007fef8cd3000 	C:\Java\jdk-11.0.6\bin\api-ms-win-crt-locale-l1-1-0.dll
0x000007fef89b0000 - 0x000007fef89b5000 	C:\Java\jdk-11.0.6\bin\api-ms-win-crt-math-l1-1-0.dll
0x000007fef8ae0000 - 0x000007fef8ae5000 	C:\Java\jdk-11.0.6\bin\api-ms-win-crt-multibyte-l1-1-0.dll
0x000007fef68d0000 - 0x000007fef68d3000 	C:\Java\jdk-11.0.6\bin\api-ms-win-crt-time-l1-1-0.dll
0x000007fef88a0000 - 0x000007fef88a3000 	C:\Java\jdk-11.0.6\bin\api-ms-win-crt-filesystem-l1-1-0.dll
0x000007fef4fc0000 - 0x000007fef4fc3000 	C:\Java\jdk-11.0.6\bin\api-ms-win-crt-environment-l1-1-0.dll
0x000007fef4fd0000 - 0x000007fef4fd3000 	C:\Java\jdk-11.0.6\bin\api-ms-win-crt-utility-l1-1-0.dll
0x000007fef8dc0000 - 0x000007fef98e9000 	C:\Java\jdk-11.0.6\bin\server\jvm.dll
0x000007fef1d50000 - 0x000007fef1d59000 	C:\WINDOWS\system32\WSOCK32.dll
0x000007feff8f0000 - 0x000007feff93d000 	C:\WINDOWS\system32\WS2_32.dll
0x000007feff8e0000 - 0x000007feff8e8000 	C:\WINDOWS\system32\NSI.dll
0x000007fefb020000 - 0x000007fefb05b000 	C:\WINDOWS\system32\WINMM.dll
0x0000000077bf0000 - 0x0000000077bf7000 	C:\WINDOWS\system32\PSAPI.DLL
0x000007fef9930000 - 0x000007fef9941000 	C:\Java\jdk-11.0.6\bin\verify.dll
0x000007feef250000 - 0x000007feef375000 	C:\WINDOWS\system32\DBGHELP.DLL
0x000007fef8d90000 - 0x000007fef8db9000 	C:\Java\jdk-11.0.6\bin\java.dll
0x000007fef3b90000 - 0x000007fef3bc7000 	C:\Java\jdk-11.0.6\bin\jdwp.dll
0x000007fef3ff0000 - 0x000007fef401f000 	C:\Java\jdk-11.0.6\bin\instrument.dll
0x000007fefa000000 - 0x000007fefa016000 	C:\Java\jdk-11.0.6\bin\zip.dll
0x000007fef9920000 - 0x000007fef992a000 	C:\Java\jdk-11.0.6\bin\jimage.dll
0x000007fefe610000 - 0x000007feff39a000 	C:\WINDOWS\system32\SHELL32.dll
0x000007fefda00000 - 0x000007fefdbff000 	C:\WINDOWS\system32\ole32.dll
0x000007fefd5a0000 - 0x000007fefd5af000 	C:\WINDOWS\system32\profapi.dll
0x000007fef46a0000 - 0x000007fef46aa000 	C:\Java\jdk-11.0.6\bin\dt_socket.dll
0x000007fefcd70000 - 0x000007fefcdc5000 	C:\WINDOWS\System32\mswsock.dll
0x000007fefcbf0000 - 0x000007fefcc4b000 	C:\WINDOWS\system32\DNSAPI.dll
0x000007fefc7c0000 - 0x000007fefc7e7000 	C:\WINDOWS\system32\IPHLPAPI.DLL
0x000007fefc7b0000 - 0x000007fefc7bb000 	C:\WINDOWS\system32\WINNSI.DLL
0x000007fefa770000 - 0x000007fefa7c3000 	C:\WINDOWS\System32\fwpuclnt.dll
0x000007fefa0c0000 - 0x000007fefa0c8000 	C:\WINDOWS\system32\rasadhlp.dll
0x000007fefcd60000 - 0x000007fefcd67000 	C:\WINDOWS\System32\wship6.dll
0x000007fefc6a0000 - 0x000007fefc6a7000 	C:\WINDOWS\System32\wshtcpip.dll
0x000007fef8d50000 - 0x000007fef8d69000 	C:\Java\jdk-11.0.6\bin\net.dll
0x000007fef1c70000 - 0x000007fef1ce1000 	C:\WINDOWS\system32\WINHTTP.dll
0x000007fef1c00000 - 0x000007fef1c64000 	C:\WINDOWS\system32\webio.dll
0x000007fef8d70000 - 0x000007fef8d83000 	C:\Java\jdk-11.0.6\bin\nio.dll
0x000007fef8670000 - 0x000007fef8679000 	C:\Java\jdk-11.0.6\bin\management.dll
0x000007fef8660000 - 0x000007fef866c000 	C:\Java\jdk-11.0.6\bin\management_ext.dll
0x000007fefb260000 - 0x000007fefb275000 	C:\WINDOWS\system32\NLAapi.dll
0x000007fef3a20000 - 0x000007fef3a35000 	C:\WINDOWS\system32\napinsp.dll
0x000007fef3a00000 - 0x000007fef3a19000 	C:\WINDOWS\system32\pnrpnsp.dll
0x000007fef39e0000 - 0x000007fef39eb000 	C:\WINDOWS\System32\winrnr.dll
0x000007fefa700000 - 0x000007fefa711000 	C:\WINDOWS\system32\dhcpcsvc6.DLL
0x000007fefc6b0000 - 0x000007fefc6c8000 	C:\WINDOWS\system32\dhcpcsvc.DLL
0x000007fefcdd0000 - 0x000007fefcde8000 	C:\WINDOWS\system32\CRYPTSP.dll
0x000007fefcad0000 - 0x000007fefcb17000 	C:\WINDOWS\system32\rsaenh.dll
0x000007fefd8f0000 - 0x000007fefd90e000 	C:\WINDOWS\system32\USERENV.dll
0x000007fefd440000 - 0x000007fefd44f000 	C:\WINDOWS\system32\CRYPTBASE.dll

dbghelp: loaded successfully - version: 4.0.5 - missing functions: none
symbol engine: initialized successfully - sym options: 0x614 - pdb path: .;C:\Java\jdk-11.0.6\bin;C:\WINDOWS\SYSTEM32;C:\WINDOWS\WinSxS\amd64_microsoft.windows.common-controls_6595b64144ccf1df_6.0.7601.18837_none_fa3b1e3d17594757;C:\Java\jdk-11.0.6\bin\server

VM Arguments:
jvm_args: -agentlib:jdwp=transport=dt_socket,suspend=y,address=localhost:50011 -ea -javaagent:C:\Users\s058601\eclipse\jee-2019-12\eclipse\configuration\org.eclipse.osgi\411\0\.cp\lib\javaagent-shaded.jar -Dfile.encoding=UTF-8 
java_command: org.eclipse.jdt.internal.junit.runner.RemoteTestRunner -version 3 -port 50010 -testLoaderClass org.eclipse.jdt.internal.junit5.runner.JUnit5TestLoader -loaderpluginname org.eclipse.jdt.junit5.runtime -classNames com.parkit.parkingsystem.TicketDAOTest
java_class_path (initial): C:\Devenv\git\P4\SoftwareAcademy-P4\target\test-classes;C:\Devenv\git\P4\SoftwareAcademy-P4\target\classes;C:\Users\s058601\.p2\pool\plugins\org.junit.jupiter.api_5.5.1.v20190826-0900.jar;C:\Users\s058601\.p2\pool\plugins\org.junit.jupiter.engine_5.5.1.v20190826-0900.jar;C:\Users\s058601\.p2\pool\plugins\org.junit.jupiter.migrationsupport_5.5.1.v20190826-0900.jar;C:\Users\s058601\.p2\pool\plugins\org.junit.jupiter.params_5.5.1.v20190826-0900.jar;C:\Users\s058601\.p2\pool\plugins\org.junit.platform.commons_1.5.1.v20190826-0900.jar;C:\Users\s058601\.p2\pool\plugins\org.junit.platform.engine_1.5.1.v20190826-0900.jar;C:\Users\s058601\.p2\pool\plugins\org.junit.platform.launcher_1.5.1.v20190826-0900.jar;C:\Users\s058601\.p2\pool\plugins\org.junit.platform.runner_1.5.1.v20190826-0900.jar;C:\Users\s058601\.p2\pool\plugins\org.junit.platform.suite.api_1.5.1.v20190826-0900.jar;C:\Users\s058601\.p2\pool\plugins\org.junit.vintage.engine_5.5.1.v20190826-0900.jar;C:\Users\s058601\.p2\pool\plugins\org.opentest4j_1.2.0.v20190826-0900.jar;C:\Users\s058601\.p2\pool\plugins\org.apiguardian_1.1.0.v20190826-0900.jar;C:\Users\s058601\.p2\pool\plugins\org.junit_4.12.0.v201504281640\junit.jar;C:\Users\s058601\.p2\pool\plugins\org.hamcrest.core_1.3.0.v20180420-1519.jar;C:\Users\s058601\.m2\repository\org\apache\logging\log4j\log4j-api\2.12.1\log4j-api-2.12.1.jar;C:\Users\s058601\.m2\repository\org\apache\logging\log4j\log4j-core\2.12.1\log4j-core-2.12.1.jar;C:\Users\s058601\.m2\repository\mysql\mysql-connector-java\8.0.17\mysql-connector-java-8.0.17.jar;C:\Users\s058601\.m2\repository\com\google\protobuf\protobuf-java\3.6.1\protobuf-java-3.6.1.jar;C:\Users\s058601\.m2\repository\org\junit\jupiter\junit-jupiter-api\5.3.2\junit-jupiter-api-5.3.2.jar;C:\Users\s058601\.m2\repository\org\apiguardian\apiguardian-api\1.0.0\apiguardian-api-1.0.0.jar;C:\Users\s058601\.m2\repository\org\opentest4j\opentest4j\1.1.1\opentest4j-1.1.1.jar;C:\Users\s058601\.m2\repository\org\
Launcher Type: SUN_STANDARD

[Global flags]
     intx CICompilerCount                          = 3                                         {product} {ergonomic}
     uint ConcGCThreads                            = 1                                         {product} {ergonomic}
     uint G1ConcRefinementThreads                  = 4                                         {product} {ergonomic}
   size_t G1HeapRegionSize                         = 1048576                                   {product} {ergonomic}
    uintx GCDrainStackTargetSize                   = 64                                        {product} {ergonomic}
   size_t InitialHeapSize                          = 134217728                                 {product} {ergonomic}
   size_t MarkStackSize                            = 4194304                                   {product} {ergonomic}
   size_t MaxHeapSize                              = 2122317824                                {product} {ergonomic}
   size_t MaxNewSize                               = 1272971264                                {product} {ergonomic}
   size_t MinHeapDeltaBytes                        = 1048576                                   {product} {ergonomic}
    uintx NonNMethodCodeHeapSize                   = 5830732                                {pd product} {ergonomic}
    uintx NonProfiledCodeHeapSize                  = 122913754                              {pd product} {ergonomic}
    uintx ProfiledCodeHeapSize                     = 122913754                              {pd product} {ergonomic}
    uintx ReservedCodeCacheSize                    = 251658240                              {pd product} {ergonomic}
     bool SegmentedCodeCache                       = true                                      {product} {ergonomic}
     bool UseCompressedClassPointers               = true                                 {lp64_product} {ergonomic}
     bool UseCompressedOops                        = true                                 {lp64_product} {ergonomic}
     bool UseG1GC                                  = true                                      {product} {ergonomic}
     bool UseLargePagesIndividualAllocation        = false                                  {pd product} {ergonomic}

Logging:
Log output configuration:
 #0: stdout all=warning uptime,level,tags
 #1: stderr all=off uptime,level,tags

Environment Variables:
JAVA_HOME=C:\Java\jdk-11.0.6
JRE_HOME=C:\Program Files (x86)\IBM\RationalSDLC\Common\Java5.0\jre
CLASSPATH=C:\Program Files (x86)\IBM\RationalSDLC\ClearQuest\cqjni.jar
PATH=C:/Java/jdk-11.0.6/bin/server;C:/Java/jdk-11.0.6/bin;C:\Program Files (x86)\IBM\RationalSDLC\common;C:\WINDOWS\system32;C:\WINDOWS;C:\WINDOWS\System32\Wbem;C:\WINDOWS\System32\WindowsPowerShell\v1.0\;C:\Program Files (x86)\Microsoft Application Virtualization Client;C:\Java\jdk-11.0.6\bin;%ANT_HOME%\bin;C:\Program Files (x86)\IBM\RationalSDLC\ClearCase\bin;C:\Program Files (x86)\IBM\RationalSDLC\ClearCase\RemoteClient\cteapis;C:\Program Files (x86)\IBM\gsk8\lib;C:\Program Files (x86)\IBM\gsk8\bin;C:\Program Files\TortoiseSVN\bin;C:\WINDOWS\System32\WindowsPowerShell\v1.0\;C:\WINDOWS\System32\WindowsPowerShell\v1.0\;C:\WINDOWS\System32\WindowsPowerShell\v1.0\;C:\Java\jdk-11.0.6\bin;C:\Maven\apache-maven-3.6.3\bin;C:\Program Files\Git\cmd;C:\Program Files\MySQL\MySQL Shell 8.0\bin\;C:\documents\s058601\Desktop;
USERNAME=S058601
OS=Windows_NT
PROCESSOR_IDENTIFIER=Intel64 Family 6 Model 142 Stepping 10, GenuineIntel



---------------  S Y S T E M  ---------------

OS: Windows 7 , 64 bit Build 7601 (6.1.7601.24308)

CPU:total 4 (initial active 4) (4 cores per cpu, 1 threads per core) family 6 model 142 stepping 10, cmov, cx8, fxsr, mmx, sse, sse2, sse3, ssse3, sse4.1, sse4.2, popcnt, avx, avx2, aes, clmul, 3dnowpref, lzcnt, tsc, tscinvbit

Memory: 4k page, system-wide physical 8095M (4415M free)
TotalPageFile size 16189M (AvailPageFile size 11724M)
current process WorkingSet (physical memory assigned to process): 164M, peak: 239M
current process commit charge ("private bytes"): 281M, peak: 351M

vm_info: Java HotSpot(TM) 64-Bit Server VM (11.0.6+8-LTS) for windows-amd64 JRE (11.0.6+8-LTS), built on Dec 11 2019 09:17:57 by "mach5one" with MS VC++ 15.5 (VS2017)

END.
